#
# There is insufficient memory for the Java Runtime Environment to continue.
# Native memory allocation (malloc) failed to allocate 1048576 bytes. Error detail: AllocateHeap
# Possible reasons:
#   The system is out of physical RAM or swap space
#   This process is running with CompressedOops enabled, and the Java Heap may be blocking the growth of the native heap
# Possible solutions:
#   Reduce memory load on the system
#   Increase physical memory or swap space
#   Check if swap backing store is full
#   Decrease Java heap size (-Xmx/-Xms)
#   Decrease number of Java threads
#   Decrease Java thread stack sizes (-Xss)
#   Set larger code cache with -XX:ReservedCodeCacheSize=
#   JVM is running with Unscaled Compressed Oops mode in which the Java heap is
#     placed in the first 4GB address space. The Java Heap base address is the
#     maximum limit for the native heap growth. Please use -XX:HeapBaseMinAddress
#     to set the Java Heap base and to place the Java Heap above 4GB virtual address.
# This output file may be truncated or incomplete.
#
#  Out of Memory Error (allocation.cpp:44), pid=40948, tid=44432
#
# JRE version: OpenJDK Runtime Environment Temurin-21.0.10+7 (21.0.10+7) (build 21.0.10+7-LTS)
# Java VM: OpenJDK 64-Bit Server VM Temurin-21.0.10+7 (21.0.10+7-LTS, mixed mode, sharing, tiered, compressed oops, compressed class ptrs, parallel gc, windows-amd64)
# No core dump will be written. Minidumps are not enabled by default on client versions of Windows
#

---------------  S U M M A R Y ------------

Command Line: --add-modules=ALL-SYSTEM --add-opens=java.base/java.util=ALL-UNNAMED --add-opens=java.base/java.lang=ALL-UNNAMED --add-opens=java.base/sun.nio.fs=ALL-UNNAMED -Declipse.application=org.eclipse.jdt.ls.core.id1 -Dosgi.bundles.defaultStartLevel=4 -Declipse.product=org.eclipse.jdt.ls.core.product -Djava.import.generatesMetadataFilesAtProjectRoot=false -DDetectVMInstallationsJob.disabled=true -Dfile.encoding=utf8 -XX:+UseParallelGC -XX:GCTimeRatio=4 -XX:AdaptiveSizePolicyWeight=90 -Dsun.zip.disableMemoryMapping=true -Xmx2G -Xms100m -Xlog:disable -javaagent:c:\Users\trami\.vscode\extensions\redhat.java-1.54.0-win32-x64\lombok\lombok-1.18.39-4050.jar -XX:+HeapDumpOnOutOfMemoryError -XX:HeapDumpPath=c:\Users\trami\AppData\Roaming\Code\User\workspaceStorage\2e68730546859c942977e1087b69b63d\redhat.java -Daether.dependencyCollector.impl=bf c:\Users\trami\.vscode\extensions\redhat.java-1.54.0-win32-x64\server\plugins\org.eclipse.equinox.launcher_1.7.100.v20251111-0406.jar -configuration c:\Users\trami\AppData\Roaming\Code\User\globalStorage\redhat.java\1.54.0\config_win -data c:\Users\trami\AppData\Roaming\Code\User\workspaceStorage\2e68730546859c942977e1087b69b63d\redhat.java\jdt_ws --pipe=\\.\pipe\lsp-9315c01748fbe25c29291e4ff8ffbbad-sock

Host: Intel(R) Core(TM) i3-N305, 8 cores, 7G,  Windows 11 , 64 bit Build 22621 (10.0.22621.3958)
Time: Mon May 11 01:59:01 2026 Hora est. Sudam廨ica Pac璗ico elapsed time: 18004.866603 seconds (0d 5h 0m 4s)

---------------  T H R E A D  ---------------

Current thread (0x0000019969fb4f50):  JavaThread "Attach Listener" daemon [_thread_in_vm, id=44432, stack(0x0000003994700000,0x0000003994800000) (1024K)]

Stack: [0x0000003994700000,0x0000003994800000]
Native frames: (J=compiled Java code, j=interpreted, Vv=VM code, C=native code)
V  [jvm.dll+0x6d7a39]
V  [jvm.dll+0x8b4b26]
V  [jvm.dll+0x8b70de]
V  [jvm.dll+0x8b77c3]
V  [jvm.dll+0x284346]
V  [jvm.dll+0xc1277]
V  [jvm.dll+0x6d82e9]
V  [jvm.dll+0x1334a6]
V  [jvm.dll+0x3f857e]
V  [jvm.dll+0x85f59d]
V  [jvm.dll+0x6d626d]
C  [ucrtbase.dll+0x29333]
C  [KERNEL32.DLL+0x1257d]
C  [ntdll.dll+0x5af08]


---------------  P R O C E S S  ---------------

Threads class SMR info:
_java_thread_list=0x0000019975e0ee00, length=41, elements={
0x000001995353fed0, 0x0000019969faf9a0, 0x0000019969fb3300, 0x0000019969fb42f0,
0x0000019969fb4f50, 0x0000019969fb5bb0, 0x0000019969fb7200, 0x0000019969fba2b0,
0x0000019969fee5e0, 0x000001996ba403b0, 0x000001996bb53d10, 0x00000199705795d0,
0x0000019970670b50, 0x00000199704a3200, 0x0000019970547bf0, 0x00000199706a3950,
0x0000019970a9c010, 0x000001997012a040, 0x00000199703e8740, 0x00000199703e7a20,
0x00000199703e5fe0, 0x00000199743a28d0, 0x00000199743a3c80, 0x00000199743a84b0,
0x00000199743a35f0, 0x00000199743a7100, 0x00000199743a4310, 0x00000199743a91d0,
0x00000199743a2f60, 0x00000199743a5030, 0x00000199743a2240, 0x00000199743a7790,
0x00000199705dedb0, 0x00000199705d91d0, 0x00000199705d9860, 0x00000199705d9ef0,
0x0000019974db4ca0, 0x0000019974db3f80, 0x00000199705dbfc0, 0x00000199703e8dd0,
0x00000199703e6670
}

Java Threads: ( => current thread )
  0x000001995353fed0 JavaThread "main"                              [_thread_blocked, id=5996, stack(0x0000003994000000,0x0000003994100000) (1024K)]
  0x0000019969faf9a0 JavaThread "Reference Handler"          daemon [_thread_blocked, id=28096, stack(0x0000003994400000,0x0000003994500000) (1024K)]
  0x0000019969fb3300 JavaThread "Finalizer"                  daemon [_thread_blocked, id=12544, stack(0x0000003994500000,0x0000003994600000) (1024K)]
  0x0000019969fb42f0 JavaThread "Signal Dispatcher"          daemon [_thread_blocked, id=14444, stack(0x0000003994600000,0x0000003994700000) (1024K)]
=>0x0000019969fb4f50 JavaThread "Attach Listener"            daemon [_thread_in_vm, id=44432, stack(0x0000003994700000,0x0000003994800000) (1024K)]
  0x0000019969fb5bb0 JavaThread "Service Thread"             daemon [_thread_blocked, id=35624, stack(0x0000003994800000,0x0000003994900000) (1024K)]
  0x0000019969fb7200 JavaThread "Monitor Deflation Thread"   daemon [_thread_blocked, id=42836, stack(0x0000003994900000,0x0000003994a00000) (1024K)]
  0x0000019969fba2b0 JavaThread "C2 CompilerThread0"         daemon [_thread_blocked, id=37512, stack(0x0000003994a00000,0x0000003994b00000) (1024K)]
  0x0000019969fee5e0 JavaThread "C1 CompilerThread0"         daemon [_thread_blocked, id=41252, stack(0x0000003994b00000,0x0000003994c00000) (1024K)]
  0x000001996ba403b0 JavaThread "Common-Cleaner"             daemon [_thread_blocked, id=33752, stack(0x0000003994c00000,0x0000003994d00000) (1024K)]
  0x000001996bb53d10 JavaThread "Notification Thread"        daemon [_thread_blocked, id=49060, stack(0x0000003994d00000,0x0000003994e00000) (1024K)]
  0x00000199705795d0 JavaThread "Active Thread: Equinox Container: e42ea423-5881-4a9f-81f3-eacb74d97540"        [_thread_blocked, id=1540, stack(0x0000003995400000,0x0000003995500000) (1024K)]
  0x0000019970670b50 JavaThread "Refresh Thread: Equinox Container: e42ea423-5881-4a9f-81f3-eacb74d97540" daemon [_thread_blocked, id=29556, stack(0x0000003995600000,0x0000003995700000) (1024K)]
  0x00000199704a3200 JavaThread "Framework Event Dispatcher: Equinox Container: e42ea423-5881-4a9f-81f3-eacb74d97540" daemon [_thread_blocked, id=11104, stack(0x0000003995700000,0x0000003995800000) (1024K)]
  0x0000019970547bf0 JavaThread "Start Level: Equinox Container: e42ea423-5881-4a9f-81f3-eacb74d97540" daemon [_thread_blocked, id=45420, stack(0x0000003995800000,0x0000003995900000) (1024K)]
  0x00000199706a3950 JavaThread "Bundle File Closer"         daemon [_thread_blocked, id=23956, stack(0x0000003995900000,0x0000003995a00000) (1024K)]
  0x0000019970a9c010 JavaThread "SCR Component Actor"        daemon [_thread_blocked, id=42356, stack(0x0000003995a00000,0x0000003995b00000) (1024K)]
  0x000001997012a040 JavaThread "Worker-JM"                         [_thread_blocked, id=26924, stack(0x0000003995b00000,0x0000003995c00000) (1024K)]
  0x00000199703e8740 JavaThread "Java indexing"              daemon [_thread_blocked, id=14772, stack(0x0000003995e00000,0x0000003995f00000) (1024K)]
  0x00000199703e7a20 JavaThread "JNA Cleaner"                daemon [_thread_blocked, id=21556, stack(0x0000003996300000,0x0000003996400000) (1024K)]
  0x00000199703e5fe0 JavaThread "Thread-1"                   daemon [_thread_in_native, id=19956, stack(0x0000003996600000,0x0000003996700000) (1024K)]
  0x00000199743a28d0 JavaThread "Thread-2"                   daemon [_thread_in_native, id=15168, stack(0x0000003996700000,0x0000003996800000) (1024K)]
  0x00000199743a3c80 JavaThread "Thread-3"                   daemon [_thread_in_native, id=36496, stack(0x0000003996800000,0x0000003996900000) (1024K)]
  0x00000199743a84b0 JavaThread "Thread-4"                   daemon [_thread_in_native, id=45580, stack(0x0000003996900000,0x0000003996a00000) (1024K)]
  0x00000199743a35f0 JavaThread "Thread-5"                   daemon [_thread_in_native, id=39064, stack(0x0000003996a00000,0x0000003996b00000) (1024K)]
  0x00000199743a7100 JavaThread "Thread-6"                   daemon [_thread_in_native, id=13272, stack(0x0000003996b00000,0x0000003996c00000) (1024K)]
  0x00000199743a4310 JavaThread "Thread-7"                   daemon [_thread_in_native, id=18732, stack(0x0000003996c00000,0x0000003996d00000) (1024K)]
  0x00000199743a91d0 JavaThread "Thread-8"                   daemon [_thread_in_native, id=17288, stack(0x0000003996d00000,0x0000003996e00000) (1024K)]
  0x00000199743a2f60 JavaThread "Thread-9"                   daemon [_thread_in_native, id=1988, stack(0x0000003996e00000,0x0000003996f00000) (1024K)]
  0x00000199743a5030 JavaThread "pool-2-thread-1"                   [_thread_blocked, id=40272, stack(0x0000003996f00000,0x0000003997000000) (1024K)]
  0x00000199743a2240 JavaThread "WorkspaceEventsHandler"            [_thread_blocked, id=43720, stack(0x0000003997100000,0x0000003997200000) (1024K)]
  0x00000199743a7790 JavaThread "pool-1-thread-1"                   [_thread_blocked, id=14384, stack(0x0000003997200000,0x0000003997300000) (1024K)]
  0x00000199705dedb0 JavaThread "Cleaner-0"                  daemon [_thread_blocked, id=10392, stack(0x0000003997400000,0x0000003997500000) (1024K)]
  0x00000199705d91d0 JavaThread "Java Debug Server"          daemon [_thread_in_native, id=32428, stack(0x0000003997500000,0x0000003997600000) (1024K)]
  0x00000199705d9860 JavaThread "RxSchedulerPurge-1"         daemon [_thread_blocked, id=22024, stack(0x0000003997700000,0x0000003997800000) (1024K)]
  0x00000199705d9ef0 JavaThread "RxCachedWorkerPoolEvictor-1" daemon [_thread_blocked, id=12156, stack(0x0000003997800000,0x0000003997900000) (1024K)]
  0x0000019974db4ca0 JavaThread "pool-7-thread-6"                   [_thread_in_native, id=12240, stack(0x0000003996500000,0x0000003996600000) (1024K)]
  0x0000019974db3f80 JavaThread "process reaper (pid 27804)" daemon [_thread_in_native, id=41688, stack(0x0000003993b90000,0x0000003993bb0000) (128K)]
  0x00000199705dbfc0 JavaThread "Worker-49"                         [_thread_blocked, id=47680, stack(0x0000003996400000,0x0000003996500000) (1024K)]
  0x00000199703e8dd0 JavaThread "Worker-51"                         [_thread_blocked, id=29620, stack(0x0000003997d00000,0x0000003997e00000) (1024K)]
  0x00000199703e6670 JavaThread "RxNewThreadScheduler-24"    daemon [_thread_blocked, id=23368, stack(0x0000003997600000,0x0000003997700000) (1024K)]
Total: 41

Other Threads:
  0x0000019969f94010 VMThread "VM Thread"                           [id=4840, stack(0x0000003994300000,0x0000003994400000) (1024K)]
  0x0000019969ecca00 WatcherThread "VM Periodic Task Thread"        [id=33380, stack(0x0000003994200000,0x0000003994300000) (1024K)]
  0x000001995355cce0 WorkerThread "GC Thread#0"                     [id=43020, stack(0x0000003994100000,0x0000003994200000) (1024K)]
  0x000001996bb6a670 WorkerThread "GC Thread#1"                     [id=2076, stack(0x0000003994e00000,0x0000003994f00000) (1024K)]
  0x000001996bb6b1c0 WorkerThread "GC Thread#2"                     [id=35332, stack(0x0000003994f00000,0x0000003995000000) (1024K)]
  0x000001996bbff2f0 WorkerThread "GC Thread#3"                     [id=41184, stack(0x0000003995000000,0x0000003995100000) (1024K)]
  0x000001996bbff6a0 WorkerThread "GC Thread#4"                     [id=23716, stack(0x0000003995100000,0x0000003995200000) (1024K)]
  0x000001996bbffa50 WorkerThread "GC Thread#5"                     [id=48824, stack(0x0000003995200000,0x0000003995300000) (1024K)]
  0x000001996bbffe00 WorkerThread "GC Thread#6"                     [id=6856, stack(0x0000003995300000,0x0000003995400000) (1024K)]
  0x0000019970661b30 WorkerThread "GC Thread#7"                     [id=41392, stack(0x0000003995500000,0x0000003995600000) (1024K)]
Total: 10

Threads with active compile tasks:
Total: 0

VM state: not at safepoint (normal execution)

VM Mutex/Monitor currently owned by a thread: None

Heap address: 0x0000000080000000, size: 2048 MB, Compressed Oops mode: 32-bit

CDS archive(s) mapped at: [0x0000019900000000-0x0000019900ba0000-0x0000019900ba0000), size 12189696, SharedBaseAddress: 0x0000019900000000, ArchiveRelocationMode: 1.
Compressed class space mapped at: 0x0000019901000000-0x0000019941000000, reserved size: 1073741824
Narrow klass base: 0x0000019900000000, Narrow klass shift: 0, Narrow klass range: 0x100000000

GC Precious Log:
 CardTable entry size: 512
 CPUs: 8 total, 8 available
 Memory: 7865M
 Large Page Support: Disabled
 NUMA Support: Disabled
 Compressed Oops: Enabled (32-bit)
 Alignments: Space 512K, Generation 512K, Heap 2M
 Heap Min Capacity: 100M
 Heap Initial Capacity: 100M
 Heap Max Capacity: 2G
 Pre-touch: Disabled
 Parallel Workers: 8

Heap:
 PSYoungGen      total 9216K, used 4117K [0x00000000d5580000, 0x00000000d6480000, 0x0000000100000000)
  eden space 8192K, 46% used [0x00000000d5580000,0x00000000d5935548,0x00000000d5d80000)
  from space 1024K, 31% used [0x00000000d6280000,0x00000000d62d0000,0x00000000d6380000)
  to   space 1024K, 0% used [0x00000000d6380000,0x00000000d6380000,0x00000000d6480000)
 ParOldGen       total 976384K, used 617132K [0x0000000080000000, 0x00000000bb980000, 0x00000000d5580000)
  object space 976384K, 63% used [0x0000000080000000,0x00000000a5aab3f0,0x00000000bb980000)
 Metaspace       used 92131K, committed 93888K, reserved 1179648K
  class space    used 9610K, committed 10432K, reserved 1048576K

Card table byte_map: [0x0000019952f10000,0x0000019953320000] _byte_map_base: 0x0000019952b10000

Marking Bits: (ParMarkBitMap*) 0x00007ffea27f3450
 Begin Bits: [0x00000199659f0000, 0x00000199679f0000)
 End Bits:   [0x00000199679f0000, 0x00000199699f0000)

Polling page: 0x0000019952d00000

Metaspace:

Usage:
  Non-class:     80.59 MB used.
      Class:      9.39 MB used.
       Both:     89.97 MB used.

Virtual space:
  Non-class space:      128.00 MB reserved,      81.50 MB ( 64%) committed,  2 nodes.
      Class space:        1.00 GB reserved,      10.19 MB ( <1%) committed,  1 nodes.
             Both:        1.12 GB reserved,      91.69 MB (  8%) committed. 

Chunk freelists:
   Non-Class:  14.22 MB
       Class:  5.84 MB
        Both:  20.05 MB

MaxMetaspaceSize: unlimited
CompressedClassSpaceSize: 1.00 GB
Initial GC threshold: 21.00 MB
Current GC threshold: 145.31 MB
CDS: on
 - commit_granule_bytes: 65536.
 - commit_granule_words: 8192.
 - virtual_space_node_default_size: 8388608.
 - enlarge_chunks_in_place: 1.
 - use_allocation_guard: 0.


Internal statistics:

num_allocs_failed_limit: 9.
num_arena_births: 1694.
num_arena_deaths: 404.
num_vsnodes_births: 3.
num_vsnodes_deaths: 0.
num_space_committed: 1467.
num_space_uncommitted: 0.
num_chunks_returned_to_freelist: 470.
num_chunks_taken_from_freelist: 6298.
num_chunk_merges: 122.
num_chunk_splits: 3670.
num_chunks_enlarged: 2069.
num_inconsistent_stats: 0.

CodeHeap 'non-profiled nmethods': size=120000Kb used=19684Kb max_used=19684Kb free=100316Kb
 bounds [0x000001995e210000, 0x000001995f550000, 0x0000019965740000]
CodeHeap 'profiled nmethods': size=120000Kb used=47653Kb max_used=47653Kb free=72347Kb
 bounds [0x0000019956740000, 0x00000199595d0000, 0x000001995dc70000]
CodeHeap 'non-nmethods': size=5760Kb used=1533Kb max_used=1595Kb free=4226Kb
 bounds [0x000001995dc70000, 0x000001995dee0000, 0x000001995e210000]
CodeCache: size=245760Kb, used=68870Kb, max_used=68932Kb, free=176889Kb
 total_blobs=19989, nmethods=19125, adapters=765, full_count=0
Compilation: enabled, stopped_count=0, restarted_count=0

Compilation events (20 events):
Event: 16165.944 Thread 0x0000019969fee5e0 nmethod 20997 0x00000199595c3c10 code [0x00000199595c3dc0, 0x00000199595c3fd8]
Event: 16165.961 Thread 0x0000019969fee5e0 20998       3       org.eclipse.ltk.core.refactoring.RefactoringStatusEntry::<init> (111 bytes)
Event: 16165.970 Thread 0x0000019969fee5e0 nmethod 20998 0x00000199595c4090 code [0x00000199595c4360, 0x00000199595c5068]
Event: 16166.314 Thread 0x0000019969fba2b0 nmethod 20993 0x000001995f540090 code [0x000001995f540600, 0x000001995f544840]
Event: 16166.316 Thread 0x0000019969fba2b0 20994       4       org.eclipse.jdt.internal.compiler.lookup.CompilationUnitScope::getImport (77 bytes)
Event: 16166.322 Thread 0x0000019969fba2b0 nmethod 20994 0x000001995f547610 code [0x000001995f5477c0, 0x000001995f547930]
Event: 16167.153 Thread 0x0000019969fba2b0 20999       4       java.util.concurrent.locks.AbstractQueuedSynchronizer$ConditionObject::enableWait (84 bytes)
Event: 16167.166 Thread 0x0000019969fba2b0 nmethod 20999 0x000001995f547b10 code [0x000001995f547ce0, 0x000001995f547fe8]
Event: 16168.239 Thread 0x0000019969fba2b0 21000       4       org.eclipse.jdt.internal.compiler.lookup.ReferenceBinding::computeGenericTypeSignature (221 bytes)
Event: 16168.245 Thread 0x0000019969fba2b0 nmethod 21000 0x000001995f548290 code [0x000001995f548480, 0x000001995f548708]
Event: 16169.281 Thread 0x0000019969fba2b0 21001       4       org.eclipse.jdt.internal.compiler.lookup.BinaryTypeBinding::genericTypeSignature (28 bytes)
Event: 16169.282 Thread 0x0000019969fee5e0 21002   !   3       org.eclipse.jdt.ls.core.internal.handlers.InlayHintVisitor::isGenerated (24 bytes)
Event: 16169.291 Thread 0x0000019969fba2b0 nmethod 21001 0x000001995f548990 code [0x000001995f548b60, 0x000001995f548d88]
Event: 16169.294 Thread 0x0000019969fee5e0 nmethod 21002 0x00000199595c5510 code [0x00000199595c5760, 0x00000199595c5ec0]
Event: 16383.689 Thread 0x0000019969fee5e0 21003   !   3       java.util.concurrent.ThreadPoolExecutor::runWorker (187 bytes)
Event: 16383.741 Thread 0x0000019969fee5e0 nmethod 21003 0x00000199595c6290 code [0x00000199595c65c0, 0x00000199595c7908]
Event: 16410.313 Thread 0x0000019969fee5e0 21004   !   3       java.lang.Thread::exit (80 bytes)
Event: 16410.351 Thread 0x0000019969fee5e0 nmethod 21004 0x00000199595c8190 code [0x00000199595c83c0, 0x00000199595c8d08]
Event: 16410.351 Thread 0x0000019969fee5e0 21005       3       java.lang.Thread::clearReferences (40 bytes)
Event: 16410.355 Thread 0x0000019969fee5e0 nmethod 21005 0x00000199595c8f90 code [0x00000199595c9140, 0x00000199595c9348]

GC Heap History (20 events):
Event: 16028.032 GC heap before
{Heap before GC invocations=1698 (full 4):
 PSYoungGen      total 14336K, used 13550K [0x00000000d5580000, 0x00000000d6a80000, 0x0000000100000000)
  eden space 7680K, 95% used [0x00000000d5580000,0x00000000d5ca4f30,0x00000000d5d00000)
  from space 6656K, 93% used [0x00000000d5d00000,0x00000000d6316a50,0x00000000d6380000)
  to   space 6656K, 0% used [0x00000000d6400000,0x00000000d6400000,0x00000000d6a80000)
 ParOldGen       total 976384K, used 569833K [0x0000000080000000, 0x00000000bb980000, 0x00000000d5580000)
  object space 976384K, 58% used [0x0000000080000000,0x00000000a2c7a5b8,0x00000000bb980000)
 Metaspace       used 92030K, committed 93760K, reserved 1179648K
  class space    used 9610K, committed 10432K, reserved 1048576K
}
Event: 16028.065 GC heap after
{Heap after GC invocations=1698 (full 4):
 PSYoungGen      total 14848K, used 6131K [0x00000000d5580000, 0x00000000d6b80000, 0x0000000100000000)
  eden space 8192K, 0% used [0x00000000d5580000,0x00000000d5580000,0x00000000d5d80000)
  from space 6656K, 92% used [0x00000000d6400000,0x00000000d69fcda8,0x00000000d6a80000)
  to   space 6656K, 0% used [0x00000000d5d80000,0x00000000d5d80000,0x00000000d6400000)
 ParOldGen       total 976384K, used 576028K [0x0000000080000000, 0x00000000bb980000, 0x00000000d5580000)
  object space 976384K, 58% used [0x0000000080000000,0x00000000a3287028,0x00000000bb980000)
 Metaspace       used 92030K, committed 93760K, reserved 1179648K
  class space    used 9610K, committed 10432K, reserved 1048576K
}
Event: 16028.169 GC heap before
{Heap before GC invocations=1699 (full 4):
 PSYoungGen      total 14848K, used 14323K [0x00000000d5580000, 0x00000000d6b80000, 0x0000000100000000)
  eden space 8192K, 100% used [0x00000000d5580000,0x00000000d5d80000,0x00000000d5d80000)
  from space 6656K, 92% used [0x00000000d6400000,0x00000000d69fcda8,0x00000000d6a80000)
  to   space 6656K, 0% used [0x00000000d5d80000,0x00000000d5d80000,0x00000000d6400000)
 ParOldGen       total 976384K, used 576028K [0x0000000080000000, 0x00000000bb980000, 0x00000000d5580000)
  object space 976384K, 58% used [0x0000000080000000,0x00000000a3287028,0x00000000bb980000)
 Metaspace       used 92032K, committed 93760K, reserved 1179648K
  class space    used 9610K, committed 10432K, reserved 1048576K
}
Event: 16028.199 GC heap after
{Heap after GC invocations=1699 (full 4):
 PSYoungGen      total 14848K, used 4879K [0x00000000d5580000, 0x00000000d6a80000, 0x0000000100000000)
  eden space 8192K, 0% used [0x00000000d5580000,0x00000000d5580000,0x00000000d5d80000)
  from space 6656K, 73% used [0x00000000d5d80000,0x00000000d6243f68,0x00000000d6400000)
  to   space 5632K, 0% used [0x00000000d6500000,0x00000000d6500000,0x00000000d6a80000)
 ParOldGen       total 976384K, used 582076K [0x0000000080000000, 0x00000000bb980000, 0x00000000d5580000)
  object space 976384K, 59% used [0x0000000080000000,0x00000000a386f3d0,0x00000000bb980000)
 Metaspace       used 92032K, committed 93760K, reserved 1179648K
  class space    used 9610K, committed 10432K, reserved 1048576K
}
Event: 16029.106 GC heap before
{Heap before GC invocations=1700 (full 4):
 PSYoungGen      total 14848K, used 13071K [0x00000000d5580000, 0x00000000d6a80000, 0x0000000100000000)
  eden space 8192K, 100% used [0x00000000d5580000,0x00000000d5d80000,0x00000000d5d80000)
  from space 6656K, 73% used [0x00000000d5d80000,0x00000000d6243f68,0x00000000d6400000)
  to   space 5632K, 0% used [0x00000000d6500000,0x00000000d6500000,0x00000000d6a80000)
 ParOldGen       total 976384K, used 612797K [0x0000000080000000, 0x00000000bb980000, 0x00000000d5580000)
  object space 976384K, 62% used [0x0000000080000000,0x00000000a566f400,0x00000000bb980000)
 Metaspace       used 92052K, committed 93824K, reserved 1179648K
  class space    used 9610K, committed 10432K, reserved 1048576K
}
Event: 16029.120 GC heap after
{Heap after GC invocations=1700 (full 4):
 PSYoungGen      total 9728K, used 1332K [0x00000000d5580000, 0x00000000d6680000, 0x0000000100000000)
  eden space 8192K, 0% used [0x00000000d5580000,0x00000000d5580000,0x00000000d5d80000)
  from space 1536K, 86% used [0x00000000d6500000,0x00000000d664d200,0x00000000d6680000)
  to   space 3072K, 0% used [0x00000000d6080000,0x00000000d6080000,0x00000000d6380000)
 ParOldGen       total 976384K, used 614466K [0x0000000080000000, 0x00000000bb980000, 0x00000000d5580000)
  object space 976384K, 62% used [0x0000000080000000,0x00000000a5810958,0x00000000bb980000)
 Metaspace       used 92052K, committed 93824K, reserved 1179648K
  class space    used 9610K, committed 10432K, reserved 1048576K
}
Event: 16046.043 GC heap before
{Heap before GC invocations=1701 (full 4):
 PSYoungGen      total 9728K, used 9524K [0x00000000d5580000, 0x00000000d6680000, 0x0000000100000000)
  eden space 8192K, 99% used [0x00000000d5580000,0x00000000d5d7ffe0,0x00000000d5d80000)
  from space 1536K, 86% used [0x00000000d6500000,0x00000000d664d200,0x00000000d6680000)
  to   space 3072K, 0% used [0x00000000d6080000,0x00000000d6080000,0x00000000d6380000)
 ParOldGen       total 976384K, used 614466K [0x0000000080000000, 0x00000000bb980000, 0x00000000d5580000)
  object space 976384K, 62% used [0x0000000080000000,0x00000000a5810958,0x00000000bb980000)
 Metaspace       used 92054K, committed 93824K, reserved 1179648K
  class space    used 9610K, committed 10432K, reserved 1048576K
}
Event: 16046.069 GC heap after
{Heap after GC invocations=1701 (full 4):
 PSYoungGen      total 11264K, used 873K [0x00000000d5580000, 0x00000000d6580000, 0x0000000100000000)
  eden space 8192K, 0% used [0x00000000d5580000,0x00000000d5580000,0x00000000d5d80000)
  from space 3072K, 28% used [0x00000000d6080000,0x00000000d615a420,0x00000000d6380000)
  to   space 1536K, 0% used [0x00000000d6400000,0x00000000d6400000,0x00000000d6580000)
 ParOldGen       total 976384K, used 615301K [0x0000000080000000, 0x00000000bb980000, 0x00000000d5580000)
  object space 976384K, 63% used [0x0000000080000000,0x00000000a58e17e0,0x00000000bb980000)
 Metaspace       used 92054K, committed 93824K, reserved 1179648K
  class space    used 9610K, committed 10432K, reserved 1048576K
}
Event: 16046.965 GC heap before
{Heap before GC invocations=1702 (full 4):
 PSYoungGen      total 11264K, used 9065K [0x00000000d5580000, 0x00000000d6580000, 0x0000000100000000)
  eden space 8192K, 100% used [0x00000000d5580000,0x00000000d5d80000,0x00000000d5d80000)
  from space 3072K, 28% used [0x00000000d6080000,0x00000000d615a420,0x00000000d6380000)
  to   space 1536K, 0% used [0x00000000d6400000,0x00000000d6400000,0x00000000d6580000)
 ParOldGen       total 976384K, used 615301K [0x0000000080000000, 0x00000000bb980000, 0x00000000d5580000)
  object space 976384K, 63% used [0x0000000080000000,0x00000000a58e17e0,0x00000000bb980000)
 Metaspace       used 92069K, committed 93824K, reserved 1179648K
  class space    used 9610K, committed 10432K, reserved 1048576K
}
Event: 16046.969 GC heap after
{Heap after GC invocations=1702 (full 4):
 PSYoungGen      total 8704K, used 256K [0x00000000d5580000, 0x00000000d6480000, 0x0000000100000000)
  eden space 8192K, 0% used [0x00000000d5580000,0x00000000d5580000,0x00000000d5d80000)
  from space 512K, 50% used [0x00000000d6400000,0x00000000d6440000,0x00000000d6480000)
  to   space 1024K, 0% used [0x00000000d6280000,0x00000000d6280000,0x00000000d6380000)
 ParOldGen       total 976384K, used 615946K [0x0000000080000000, 0x00000000bb980000, 0x00000000d5580000)
  object space 976384K, 63% used [0x0000000080000000,0x00000000a59829f0,0x00000000bb980000)
 Metaspace       used 92069K, committed 93824K, reserved 1179648K
  class space    used 9610K, committed 10432K, reserved 1048576K
}
Event: 16047.059 GC heap before
{Heap before GC invocations=1703 (full 4):
 PSYoungGen      total 8704K, used 8445K [0x00000000d5580000, 0x00000000d6480000, 0x0000000100000000)
  eden space 8192K, 99% used [0x00000000d5580000,0x00000000d5d7f6b0,0x00000000d5d80000)
  from space 512K, 50% used [0x00000000d6400000,0x00000000d6440000,0x00000000d6480000)
  to   space 1024K, 0% used [0x00000000d6280000,0x00000000d6280000,0x00000000d6380000)
 ParOldGen       total 976384K, used 615946K [0x0000000080000000, 0x00000000bb980000, 0x00000000d5580000)
  object space 976384K, 63% used [0x0000000080000000,0x00000000a59829f0,0x00000000bb980000)
 Metaspace       used 92069K, committed 93824K, reserved 1179648K
  class space    used 9610K, committed 10432K, reserved 1048576K
}
Event: 16047.062 GC heap after
{Heap after GC invocations=1703 (full 4):
 PSYoungGen      total 9216K, used 320K [0x00000000d5580000, 0x00000000d6480000, 0x0000000100000000)
  eden space 8192K, 0% used [0x00000000d5580000,0x00000000d5580000,0x00000000d5d80000)
  from space 1024K, 31% used [0x00000000d6280000,0x00000000d62d0000,0x00000000d6380000)
  to   space 512K, 0% used [0x00000000d6400000,0x00000000d6400000,0x00000000d6480000)
 ParOldGen       total 976384K, used 616066K [0x0000000080000000, 0x00000000bb980000, 0x00000000d5580000)
  object space 976384K, 63% used [0x0000000080000000,0x00000000a59a0a00,0x00000000bb980000)
 Metaspace       used 92069K, committed 93824K, reserved 1179648K
  class space    used 9610K, committed 10432K, reserved 1048576K
}
Event: 16093.715 GC heap before
{Heap before GC invocations=1704 (full 4):
 PSYoungGen      total 9216K, used 8512K [0x00000000d5580000, 0x00000000d6480000, 0x0000000100000000)
  eden space 8192K, 100% used [0x00000000d5580000,0x00000000d5d80000,0x00000000d5d80000)
  from space 1024K, 31% used [0x00000000d6280000,0x00000000d62d0000,0x00000000d6380000)
  to   space 512K, 0% used [0x00000000d6400000,0x00000000d6400000,0x00000000d6480000)
 ParOldGen       total 976384K, used 616066K [0x0000000080000000, 0x00000000bb980000, 0x00000000d5580000)
  object space 976384K, 63% used [0x0000000080000000,0x00000000a59a0a00,0x00000000bb980000)
 Metaspace       used 92080K, committed 93824K, reserved 1179648K
  class space    used 9610K, committed 10432K, reserved 1048576K
}
Event: 16093.900 GC heap after
{Heap after GC invocations=1704 (full 4):
 PSYoungGen      total 8704K, used 256K [0x00000000d5580000, 0x00000000d6480000, 0x0000000100000000)
  eden space 8192K, 0% used [0x00000000d5580000,0x00000000d5580000,0x00000000d5d80000)
  from space 512K, 50% used [0x00000000d6400000,0x00000000d6440000,0x00000000d6480000)
  to   space 512K, 0% used [0x00000000d6380000,0x00000000d6380000,0x00000000d6400000)
 ParOldGen       total 976384K, used 616114K [0x0000000080000000, 0x00000000bb980000, 0x00000000d5580000)
  object space 976384K, 63% used [0x0000000080000000,0x00000000a59aca00,0x00000000bb980000)
 Metaspace       used 92080K, committed 93824K, reserved 1179648K
  class space    used 9610K, committed 10432K, reserved 1048576K
}
Event: 16165.512 GC heap before
{Heap before GC invocations=1705 (full 4):
 PSYoungGen      total 8704K, used 8448K [0x00000000d5580000, 0x00000000d6480000, 0x0000000100000000)
  eden space 8192K, 100% used [0x00000000d5580000,0x00000000d5d80000,0x00000000d5d80000)
  from space 512K, 50% used [0x00000000d6400000,0x00000000d6440000,0x00000000d6480000)
  to   space 512K, 0% used [0x00000000d6380000,0x00000000d6380000,0x00000000d6400000)
 ParOldGen       total 976384K, used 616114K [0x0000000080000000, 0x00000000bb980000, 0x00000000d5580000)
  object space 976384K, 63% used [0x0000000080000000,0x00000000a59aca00,0x00000000bb980000)
 Metaspace       used 92093K, committed 93824K, reserved 1179648K
  class space    used 9610K, committed 10432K, reserved 1048576K
}
Event: 16165.627 GC heap after
{Heap after GC invocations=1705 (full 4):
 PSYoungGen      total 8704K, used 452K [0x00000000d5580000, 0x00000000d6480000, 0x0000000100000000)
  eden space 8192K, 0% used [0x00000000d5580000,0x00000000d5580000,0x00000000d5d80000)
  from space 512K, 88% used [0x00000000d6380000,0x00000000d63f1230,0x00000000d6400000)
  to   space 512K, 0% used [0x00000000d6400000,0x00000000d6400000,0x00000000d6480000)
 ParOldGen       total 976384K, used 616226K [0x0000000080000000, 0x00000000bb980000, 0x00000000d5580000)
  object space 976384K, 63% used [0x0000000080000000,0x00000000a59c8a40,0x00000000bb980000)
 Metaspace       used 92093K, committed 93824K, reserved 1179648K
  class space    used 9610K, committed 10432K, reserved 1048576K
}
Event: 16165.680 GC heap before
{Heap before GC invocations=1706 (full 4):
 PSYoungGen      total 8704K, used 8622K [0x00000000d5580000, 0x00000000d6480000, 0x0000000100000000)
  eden space 8192K, 99% used [0x00000000d5580000,0x00000000d5d7a618,0x00000000d5d80000)
  from space 512K, 88% used [0x00000000d6380000,0x00000000d63f1230,0x00000000d6400000)
  to   space 512K, 0% used [0x00000000d6400000,0x00000000d6400000,0x00000000d6480000)
 ParOldGen       total 976384K, used 616226K [0x0000000080000000, 0x00000000bb980000, 0x00000000d5580000)
  object space 976384K, 63% used [0x0000000080000000,0x00000000a59c8a40,0x00000000bb980000)
 Metaspace       used 92094K, committed 93888K, reserved 1179648K
  class space    used 9610K, committed 10432K, reserved 1048576K
}
Event: 16165.693 GC heap after
{Heap after GC invocations=1706 (full 4):
 PSYoungGen      total 8704K, used 490K [0x00000000d5580000, 0x00000000d6480000, 0x0000000100000000)
  eden space 8192K, 0% used [0x00000000d5580000,0x00000000d5580000,0x00000000d5d80000)
  from space 512K, 95% used [0x00000000d6400000,0x00000000d647a910,0x00000000d6480000)
  to   space 1024K, 0% used [0x00000000d6280000,0x00000000d6280000,0x00000000d6380000)
 ParOldGen       total 976384K, used 616652K [0x0000000080000000, 0x00000000bb980000, 0x00000000d5580000)
  object space 976384K, 63% used [0x0000000080000000,0x00000000a5a33360,0x00000000bb980000)
 Metaspace       used 92094K, committed 93888K, reserved 1179648K
  class space    used 9610K, committed 10432K, reserved 1048576K
}
Event: 16167.881 GC heap before
{Heap before GC invocations=1707 (full 4):
 PSYoungGen      total 8704K, used 8682K [0x00000000d5580000, 0x00000000d6480000, 0x0000000100000000)
  eden space 8192K, 99% used [0x00000000d5580000,0x00000000d5d7ffc8,0x00000000d5d80000)
  from space 512K, 95% used [0x00000000d6400000,0x00000000d647a910,0x00000000d6480000)
  to   space 1024K, 0% used [0x00000000d6280000,0x00000000d6280000,0x00000000d6380000)
 ParOldGen       total 976384K, used 616652K [0x0000000080000000, 0x00000000bb980000, 0x00000000d5580000)
  object space 976384K, 63% used [0x0000000080000000,0x00000000a5a33360,0x00000000bb980000)
 Metaspace       used 92124K, committed 93888K, reserved 1179648K
  class space    used 9610K, committed 10432K, reserved 1048576K
}
Event: 16167.897 GC heap after
{Heap after GC invocations=1707 (full 4):
 PSYoungGen      total 9216K, used 320K [0x00000000d5580000, 0x00000000d6480000, 0x0000000100000000)
  eden space 8192K, 0% used [0x00000000d5580000,0x00000000d5580000,0x00000000d5d80000)
  from space 1024K, 31% used [0x00000000d6280000,0x00000000d62d0000,0x00000000d6380000)
  to   space 1024K, 0% used [0x00000000d6380000,0x00000000d6380000,0x00000000d6480000)
 ParOldGen       total 976384K, used 617132K [0x0000000080000000, 0x00000000bb980000, 0x00000000d5580000)
  object space 976384K, 63% used [0x0000000080000000,0x00000000a5aab3f0,0x00000000bb980000)
 Metaspace       used 92124K, committed 93888K, reserved 1179648K
  class space    used 9610K, committed 10432K, reserved 1048576K
}

Dll operation events (14 events):
Event: 0.025 Loaded shared library c:\Users\trami\.vscode\extensions\redhat.java-1.54.0-win32-x64\jre\21.0.10-win32-x86_64\bin\java.dll
Event: 0.398 Loaded shared library c:\Users\trami\.vscode\extensions\redhat.java-1.54.0-win32-x64\jre\21.0.10-win32-x86_64\bin\zip.dll
Event: 0.466 Loaded shared library C:\Users\trami\.vscode\extensions\redhat.java-1.54.0-win32-x64\jre\21.0.10-win32-x86_64\bin\instrument.dll
Event: 0.475 Loaded shared library C:\Users\trami\.vscode\extensions\redhat.java-1.54.0-win32-x64\jre\21.0.10-win32-x86_64\bin\net.dll
Event: 0.480 Loaded shared library C:\Users\trami\.vscode\extensions\redhat.java-1.54.0-win32-x64\jre\21.0.10-win32-x86_64\bin\nio.dll
Event: 0.486 Loaded shared library C:\Users\trami\.vscode\extensions\redhat.java-1.54.0-win32-x64\jre\21.0.10-win32-x86_64\bin\zip.dll
Event: 0.530 Loaded shared library C:\Users\trami\.vscode\extensions\redhat.java-1.54.0-win32-x64\jre\21.0.10-win32-x86_64\bin\jimage.dll
Event: 0.777 Loaded shared library c:\Users\trami\.vscode\extensions\redhat.java-1.54.0-win32-x64\jre\21.0.10-win32-x86_64\bin\verify.dll
Event: 5.063 Loaded shared library C:\Users\trami\AppData\Roaming\Code\User\globalStorage\redhat.java\1.54.0\config_win\org.eclipse.equinox.launcher\org.eclipse.equinox.launcher.win32.win32.x86_64_1.3.0.v20260203-2149\eclipse_11919.dll
Event: 10.461 Loaded shared library C:\Users\trami\.vscode\extensions\redhat.java-1.54.0-win32-x64\jre\21.0.10-win32-x86_64\bin\management.dll
Event: 10.466 Loaded shared library C:\Users\trami\.vscode\extensions\redhat.java-1.54.0-win32-x64\jre\21.0.10-win32-x86_64\bin\management_ext.dll
Event: 14.355 Loaded shared library C:\Users\trami\AppData\Local\Temp\jna-110621311\jna2281725993608016688.dll
Event: 14.734 Loaded shared library C:\Users\trami\.vscode\extensions\redhat.java-1.54.0-win32-x64\jre\21.0.10-win32-x86_64\bin\sunmscapi.dll
Event: 15.501 Loaded shared library C:\Users\trami\.vscode\extensions\redhat.java-1.54.0-win32-x64\jre\21.0.10-win32-x86_64\bin\extnet.dll

Deoptimization events (20 events):
Event: 16020.980 Thread 0x0000019970c940f0 Uncommon trap: trap_request=0xffffffd6 fr.pc=0x000001995f4ea744 relative=0x0000000000000204
Event: 16020.980 Thread 0x0000019970c940f0 Uncommon trap: reason=array_check action=maybe_recompile pc=0x000001995f4ea744 method=org.eclipse.jdt.internal.compiler.util.SimpleSetOfCharArray.asArray([Ljava/lang/Object;)V @ 54 c2
Event: 16020.980 Thread 0x0000019970c940f0 DEOPT PACKING pc=0x000001995f4ea744 sp=0x00000039979fe420
Event: 16020.981 Thread 0x0000019970c940f0 DEOPT UNPACKING pc=0x000001995dcc3aa2 sp=0x00000039979fe3a8 mode 2
Event: 16024.934 Thread 0x00000199705e07f0 Uncommon trap: trap_request=0xffffff45 fr.pc=0x000001995f31f9d4 relative=0x0000000000001254
Event: 16024.934 Thread 0x00000199705e07f0 Uncommon trap: reason=unstable_if action=reinterpret pc=0x000001995f31f9d4 method=org.eclipse.jdt.internal.compiler.parser.diagnose.DiagnoseParser.misspell(II)I @ 195 c2
Event: 16024.934 Thread 0x00000199705e07f0 DEOPT PACKING pc=0x000001995f31f9d4 sp=0x00000039970fe720
Event: 16024.934 Thread 0x00000199705e07f0 DEOPT UNPACKING pc=0x000001995dcc3aa2 sp=0x00000039970fe680 mode 2
Event: 16024.957 Thread 0x0000019970c94e10 Uncommon trap: trap_request=0xffffff45 fr.pc=0x000001995f43df98 relative=0x0000000000000418
Event: 16024.957 Thread 0x0000019970c94e10 Uncommon trap: reason=unstable_if action=reinterpret pc=0x000001995f43df98 method=org.eclipse.jdt.internal.compiler.ast.Expression.computeConversion(Lorg/eclipse/jdt/internal/compiler/lookup/Scope;Lorg/eclipse/jdt/internal/compiler/lookup/TypeBinding;Lorg
Event: 16024.957 Thread 0x0000019970c94e10 DEOPT PACKING pc=0x000001995f43df98 sp=0x0000003993efcbd0
Event: 16024.957 Thread 0x0000019970c94e10 DEOPT UNPACKING pc=0x000001995dcc3aa2 sp=0x0000003993efcb80 mode 2
Event: 16025.161 Thread 0x00000199705db930 Uncommon trap: trap_request=0xffffff6e fr.pc=0x000001995f3b8590 relative=0x0000000000000390
Event: 16025.161 Thread 0x00000199705db930 Uncommon trap: reason=loop_limit_check action=maybe_recompile pc=0x000001995f3b8590 method=org.eclipse.jdt.internal.core.util.CommentRecorderParser.flushCommentsDefinedPriorTo(I)I @ 56 c2
Event: 16025.162 Thread 0x00000199705db930 DEOPT PACKING pc=0x000001995f3b8590 sp=0x00000039960fe830
Event: 16025.162 Thread 0x00000199705db930 DEOPT UNPACKING pc=0x000001995dcc3aa2 sp=0x00000039960fe7c0 mode 2
Event: 16025.162 Thread 0x00000199705db930 Uncommon trap: trap_request=0xffffff6e fr.pc=0x000001995f321018 relative=0x0000000000000718
Event: 16025.162 Thread 0x00000199705db930 Uncommon trap: reason=loop_limit_check action=maybe_recompile pc=0x000001995f321018 method=org.eclipse.jdt.internal.core.util.CommentRecorderParser.pushOnCommentsStack(II)V @ 226 c2
Event: 16025.162 Thread 0x00000199705db930 DEOPT PACKING pc=0x000001995f321018 sp=0x00000039960fe760
Event: 16025.162 Thread 0x00000199705db930 DEOPT UNPACKING pc=0x000001995dcc3aa2 sp=0x00000039960fe728 mode 2

Classes loaded (20 events):
Event: 3824.164 Loading class java/util/stream/ReduceOps$CountingSink$OfRef
Event: 3824.165 Loading class java/util/stream/ReduceOps$CountingSink
Event: 3824.169 Loading class java/util/stream/ReduceOps$CountingSink done
Event: 3824.169 Loading class java/util/stream/ReduceOps$CountingSink$OfRef done
Event: 3824.321 Loading class jdk/internal/module/IllegalAccessLogger
Event: 3824.322 Loading class jdk/internal/module/IllegalAccessLogger done
Event: 4020.044 Loading class jdk/internal/module/IllegalAccessLogger
Event: 4020.045 Loading class jdk/internal/module/IllegalAccessLogger done
Event: 5674.394 Loading class jdk/internal/module/IllegalAccessLogger
Event: 5674.395 Loading class jdk/internal/module/IllegalAccessLogger done
Event: 15205.406 Loading class jdk/internal/module/IllegalAccessLogger
Event: 15205.407 Loading class jdk/internal/module/IllegalAccessLogger done
Event: 15206.143 Loading class jdk/internal/module/IllegalAccessLogger
Event: 15206.143 Loading class jdk/internal/module/IllegalAccessLogger done
Event: 15857.301 Loading class jdk/internal/module/IllegalAccessLogger
Event: 15857.302 Loading class jdk/internal/module/IllegalAccessLogger done
Event: 16028.159 Loading class jdk/internal/module/IllegalAccessLogger
Event: 16028.160 Loading class jdk/internal/module/IllegalAccessLogger done
Event: 16047.483 Loading class java/nio/channels/CompletionHandler
Event: 16047.496 Loading class java/nio/channels/CompletionHandler done

Classes unloaded (20 events):
Event: 3825.812 Thread 0x0000019969f94010 Unloading class 0x0000019901017400 'java/lang/invoke/LambdaForm$MH+0x0000019901017400'
Event: 3825.812 Thread 0x0000019969f94010 Unloading class 0x0000019901016400 'java/lang/invoke/LambdaForm$MH+0x0000019901016400'
Event: 3825.813 Thread 0x0000019969f94010 Unloading class 0x000001990100d800 'java/lang/invoke/LambdaForm$MH+0x000001990100d800'
Event: 3825.813 Thread 0x0000019969f94010 Unloading class 0x000001990100d400 'java/lang/invoke/LambdaForm$MH+0x000001990100d400'
Event: 3825.813 Thread 0x0000019969f94010 Unloading class 0x000001990100d000 'java/lang/invoke/LambdaForm$MH+0x000001990100d000'
Event: 3825.813 Thread 0x0000019969f94010 Unloading class 0x000001990100cc00 'java/lang/invoke/LambdaForm$MH+0x000001990100cc00'
Event: 3825.813 Thread 0x0000019969f94010 Unloading class 0x000001990100c800 'java/lang/invoke/LambdaForm$BMH+0x000001990100c800'
Event: 3825.813 Thread 0x0000019969f94010 Unloading class 0x000001990100c000 'java/lang/invoke/LambdaForm$DMH+0x000001990100c000'
Event: 3825.813 Thread 0x0000019969f94010 Unloading class 0x0000019901008c00 'java/lang/invoke/LambdaForm$MH+0x0000019901008c00'
Event: 3825.813 Thread 0x0000019969f94010 Unloading class 0x0000019901008800 'java/lang/invoke/LambdaForm$MH+0x0000019901008800'
Event: 3825.813 Thread 0x0000019969f94010 Unloading class 0x0000019901008400 'java/lang/invoke/LambdaForm$MH+0x0000019901008400'
Event: 3825.813 Thread 0x0000019969f94010 Unloading class 0x0000019901007000 'java/lang/invoke/LambdaForm$MH+0x0000019901007000'
Event: 3825.813 Thread 0x0000019969f94010 Unloading class 0x0000019901006800 'java/lang/invoke/LambdaForm$MH+0x0000019901006800'
Event: 3825.814 Thread 0x0000019969f94010 Unloading class 0x0000019901006400 'java/lang/invoke/LambdaForm$MH+0x0000019901006400'
Event: 3825.814 Thread 0x0000019969f94010 Unloading class 0x0000019901006000 'java/lang/invoke/LambdaForm$MH+0x0000019901006000'
Event: 3825.814 Thread 0x0000019969f94010 Unloading class 0x0000019901005c00 'java/lang/invoke/LambdaForm$BMH+0x0000019901005c00'
Event: 3825.814 Thread 0x0000019969f94010 Unloading class 0x0000019901004800 'java/lang/invoke/LambdaForm$DMH+0x0000019901004800'
Event: 3825.814 Thread 0x0000019969f94010 Unloading class 0x0000019901002400 'java/lang/invoke/LambdaForm$MH+0x0000019901002400'
Event: 3825.814 Thread 0x0000019969f94010 Unloading class 0x0000019901002000 'java/lang/invoke/LambdaForm$MH+0x0000019901002000'
Event: 3825.814 Thread 0x0000019969f94010 Unloading class 0x0000019901001800 'java/lang/invoke/LambdaForm$MH+0x0000019901001800'

Classes redefined (0 events):
No events

Internal exceptions (20 events):
Event: 15866.596 Thread 0x0000019970c95b30 Exception <a 'sun/nio/fs/WindowsException'{0x00000000d564ef80}> (0x00000000d564ef80) 
thrown [s\src\hotspot\share\prims\jni.cpp, line 520]
Event: 15866.596 Thread 0x0000019970c95b30 Exception <a 'sun/nio/fs/WindowsException'{0x00000000d564f680}> (0x00000000d564f680) 
thrown [s\src\hotspot\share\prims\jni.cpp, line 520]
Event: 15866.603 Thread 0x0000019970c95b30 Exception <a 'sun/nio/fs/WindowsException'{0x00000000d566a638}> (0x00000000d566a638) 
thrown [s\src\hotspot\share\prims\jni.cpp, line 520]
Event: 15866.604 Thread 0x0000019970c95b30 Exception <a 'sun/nio/fs/WindowsException'{0x00000000d566afe8}> (0x00000000d566afe8) 
thrown [s\src\hotspot\share\prims\jni.cpp, line 520]
Event: 15867.179 Thread 0x00000199705db2a0 Exception <a 'sun/nio/fs/WindowsException'{0x00000000d5ad6a90}> (0x00000000d5ad6a90) 
thrown [s\src\hotspot\share\prims\jni.cpp, line 520]
Event: 15867.181 Thread 0x00000199705db2a0 Exception <a 'sun/nio/fs/WindowsException'{0x00000000d5ad74d0}> (0x00000000d5ad74d0) 
thrown [s\src\hotspot\share\prims\jni.cpp, line 520]
Event: 16027.665 Thread 0x00000199703e8740 Exception <a 'sun/nio/fs/WindowsException'{0x00000000d5b23048}> (0x00000000d5b23048) 
thrown [s\src\hotspot\share\prims\jni.cpp, line 520]
Event: 16028.072 Thread 0x00000199703e8740 Exception <a 'sun/nio/fs/WindowsException'{0x00000000d5613968}> (0x00000000d5613968) 
thrown [s\src\hotspot\share\prims\jni.cpp, line 520]
Event: 16046.958 Thread 0x0000019970c96ee0 Exception <a 'sun/nio/fs/WindowsException'{0x00000000d5d7ce40}> (0x00000000d5d7ce40) 
thrown [s\src\hotspot\share\prims\jni.cpp, line 520]
Event: 16046.959 Thread 0x0000019970c96ee0 Exception <a 'sun/nio/fs/WindowsException'{0x00000000d5d7d7f0}> (0x00000000d5d7d7f0) 
thrown [s\src\hotspot\share\prims\jni.cpp, line 520]
Event: 16046.963 Thread 0x0000019970c96ee0 Exception <a 'sun/nio/fs/WindowsException'{0x00000000d5d7e7b0}> (0x00000000d5d7e7b0) 
thrown [s\src\hotspot\share\prims\jni.cpp, line 520]
Event: 16046.963 Thread 0x0000019970c96ee0 Exception <a 'sun/nio/fs/WindowsException'{0x00000000d5d7f160}> (0x00000000d5d7f160) 
thrown [s\src\hotspot\share\prims\jni.cpp, line 520]
Event: 16046.974 Thread 0x0000019970c96ee0 Exception <a 'sun/nio/fs/WindowsException'{0x00000000d5580da0}> (0x00000000d5580da0) 
thrown [s\src\hotspot\share\prims\jni.cpp, line 520]
Event: 16046.974 Thread 0x0000019970c96ee0 Exception <a 'sun/nio/fs/WindowsException'{0x00000000d55814a0}> (0x00000000d55814a0) 
thrown [s\src\hotspot\share\prims\jni.cpp, line 520]
Event: 16046.982 Thread 0x0000019970c96ee0 Exception <a 'sun/nio/fs/WindowsException'{0x00000000d559c7a0}> (0x00000000d559c7a0) 
thrown [s\src\hotspot\share\prims\jni.cpp, line 520]
Event: 16046.982 Thread 0x0000019970c96ee0 Exception <a 'sun/nio/fs/WindowsException'{0x00000000d559d150}> (0x00000000d559d150) 
thrown [s\src\hotspot\share\prims\jni.cpp, line 520]
Event: 16047.571 Thread 0x00000199703e6670 Exception <a 'sun/nio/fs/WindowsException'{0x00000000d5d091c0}> (0x00000000d5d091c0) 
thrown [s\src\hotspot\share\prims\jni.cpp, line 520]
Event: 16047.573 Thread 0x00000199703e6670 Exception <a 'sun/nio/fs/WindowsException'{0x00000000d5d09c00}> (0x00000000d5d09c00) 
thrown [s\src\hotspot\share\prims\jni.cpp, line 520]
Event: 16156.863 Thread 0x00000199705dbfc0 Exception <a 'sun/nio/fs/WindowsException'{0x00000000d55cc910}> (0x00000000d55cc910) 
thrown [s\src\hotspot\share\prims\jni.cpp, line 520]
Event: 16156.870 Thread 0x00000199705dbfc0 Exception <a 'sun/nio/fs/WindowsException'{0x00000000d55cd788}> (0x00000000d55cd788) 
thrown [s\src\hotspot\share\prims\jni.cpp, line 520]

ZGC Phase Switch (0 events):
No events

VM Operations (20 events):
Event: 17556.859 Executing non-safepoint VM operation: HandshakeAllThreads (HandshakeForDeflation)
Event: 17556.860 Executing non-safepoint VM operation: HandshakeAllThreads (HandshakeForDeflation) done
Event: 17556.861 Executing non-safepoint VM operation: RendezvousGCThreads
Event: 17556.861 Executing non-safepoint VM operation: RendezvousGCThreads done
Event: 17677.158 Executing non-safepoint VM operation: HandshakeAllThreads (HandshakeForDeflation)
Event: 17677.158 Executing non-safepoint VM operation: HandshakeAllThreads (HandshakeForDeflation) done
Event: 17677.158 Executing non-safepoint VM operation: RendezvousGCThreads
Event: 17677.158 Executing non-safepoint VM operation: RendezvousGCThreads done
Event: 17737.278 Executing non-safepoint VM operation: HandshakeAllThreads (HandshakeForDeflation)
Event: 17737.278 Executing non-safepoint VM operation: HandshakeAllThreads (HandshakeForDeflation) done
Event: 17737.278 Executing non-safepoint VM operation: RendezvousGCThreads
Event: 17737.278 Executing non-safepoint VM operation: RendezvousGCThreads done
Event: 17857.659 Executing non-safepoint VM operation: HandshakeAllThreads (HandshakeForDeflation)
Event: 17857.659 Executing non-safepoint VM operation: HandshakeAllThreads (HandshakeForDeflation) done
Event: 17857.659 Executing non-safepoint VM operation: RendezvousGCThreads
Event: 17857.659 Executing non-safepoint VM operation: RendezvousGCThreads done
Event: 17917.671 Executing non-safepoint VM operation: HandshakeAllThreads (HandshakeForDeflation)
Event: 17917.671 Executing non-safepoint VM operation: HandshakeAllThreads (HandshakeForDeflation) done
Event: 17917.671 Executing non-safepoint VM operation: RendezvousGCThreads
Event: 17917.671 Executing non-safepoint VM operation: RendezvousGCThreads done

Memory protections (0 events):
No events

Nmethod flushes (20 events):
Event: 3827.919 Thread 0x0000019969f94010 flushing  nmethod 0x0000019957b2dd10
Event: 3827.919 Thread 0x0000019969f94010 flushing  nmethod 0x0000019957b2e210
Event: 3827.919 Thread 0x0000019969f94010 flushing  nmethod 0x0000019957b2f110
Event: 3827.919 Thread 0x0000019969f94010 flushing  nmethod 0x0000019957b30e90
Event: 3827.920 Thread 0x0000019969f94010 flushing  nmethod 0x0000019957b42310
Event: 3827.921 Thread 0x0000019969f94010 flushing  nmethod 0x0000019957b43810
Event: 3827.921 Thread 0x0000019969f94010 flushing  nmethod 0x0000019957b46e10
Event: 3827.921 Thread 0x0000019969f94010 flushing  nmethod 0x0000019957b47990
Event: 3827.922 Thread 0x0000019969f94010 flushing  nmethod 0x0000019957b48a10
Event: 3827.922 Thread 0x0000019969f94010 flushing  nmethod 0x0000019957b49810
Event: 3827.922 Thread 0x0000019969f94010 flushing  nmethod 0x0000019957b4a090
Event: 3827.922 Thread 0x0000019969f94010 flushing  nmethod 0x0000019957b4ac90
Event: 3827.922 Thread 0x0000019969f94010 flushing  nmethod 0x0000019957b56210
Event: 3827.922 Thread 0x0000019969f94010 flushing  nmethod 0x0000019957b56610
Event: 3827.922 Thread 0x0000019969f94010 flushing  nmethod 0x0000019957b56a10
Event: 3827.922 Thread 0x0000019969f94010 flushing  nmethod 0x0000019957b57390
Event: 3827.922 Thread 0x0000019969f94010 flushing  nmethod 0x0000019957b59390
Event: 3827.922 Thread 0x0000019969f94010 flushing  nmethod 0x0000019957b70390
Event: 3827.922 Thread 0x0000019969f94010 flushing  nmethod 0x0000019957b75d90
Event: 3827.922 Thread 0x0000019969f94010 flushing  nmethod 0x0000019957bd7090

Events (20 events):
Event: 16088.264 Thread 0x00000199703e7390 Thread exited: 0x00000199703e7390
Event: 16088.898 Thread 0x00000199705e07f0 Thread exited: 0x00000199705e07f0
Event: 16106.042 Thread 0x00000199705db930 Thread exited: 0x00000199705db930
Event: 16106.108 Thread 0x0000019970c940f0 Thread exited: 0x0000019970c940f0
Event: 16107.016 Thread 0x00000199705dc650 Thread exited: 0x00000199705dc650
Event: 16108.204 Thread 0x0000019970c96ee0 Thread exited: 0x0000019970c96ee0
Event: 16156.910 Thread 0x00000199705dbfc0 Thread added: 0x0000019970c9b080
Event: 16156.923 Thread 0x0000019970c9b080 Thread exited: 0x0000019970c9b080
Event: 16157.144 Thread 0x0000019970c9b710 Thread exited: 0x0000019970c9b710
Event: 16157.172 Thread 0x00000199705dbfc0 Thread added: 0x0000019970c96ee0
Event: 16157.174 Thread 0x0000019970c96ee0 Thread exited: 0x0000019970c96ee0
Event: 16165.006 Thread 0x0000019970c954a0 Thread added: 0x0000019970c96ee0
Event: 16230.277 Thread 0x0000019970c96850 Thread exited: 0x0000019970c96850
Event: 16290.293 Thread 0x0000019970c9a9f0 Thread exited: 0x0000019970c9a9f0
Event: 16327.995 Thread 0x00000199703e80b0 Thread exited: 0x00000199703e80b0
Event: 16350.311 Thread 0x00000199705da580 Thread exited: 0x00000199705da580
Event: 16410.314 Thread 0x0000019970c961c0 Thread exited: 0x0000019970c961c0
Event: 16470.623 Thread 0x0000019970c954a0 Thread exited: 0x0000019970c954a0
Event: 16530.636 Thread 0x0000019970c94e10 Thread exited: 0x0000019970c94e10
Event: 16590.639 Thread 0x0000019970c96ee0 Thread exited: 0x0000019970c96ee0


Dynamic libraries:
0x00007ff631140000 - 0x00007ff63114e000 	c:\Users\trami\.vscode\extensions\redhat.java-1.54.0-win32-x64\jre\21.0.10-win32-x86_64\bin\java.exe
0x00007fff59d50000 - 0x00007fff59f67000 	C:\Windows\SYSTEM32\ntdll.dll
0x00007fff582c0000 - 0x00007fff58384000 	C:\Windows\System32\KERNEL32.DLL
0x00007fff57060000 - 0x00007fff57417000 	C:\Windows\System32\KERNELBASE.dll
0x00007fff57740000 - 0x00007fff57851000 	C:\Windows\System32\ucrtbase.dll
0x00007fff43440000 - 0x00007fff43458000 	c:\Users\trami\.vscode\extensions\redhat.java-1.54.0-win32-x64\jre\21.0.10-win32-x86_64\bin\jli.dll
0x00007fff59b60000 - 0x00007fff59d0f000 	C:\Windows\System32\USER32.dll
0x00007fff57490000 - 0x00007fff574b6000 	C:\Windows\System32\win32u.dll
0x00007fff599f0000 - 0x00007fff59a19000 	C:\Windows\System32\GDI32.dll
0x00007fff57580000 - 0x00007fff57698000 	C:\Windows\System32\gdi32full.dll
0x00007fff576a0000 - 0x00007fff5773a000 	C:\Windows\System32\msvcp_win.dll
0x00007fff433c0000 - 0x00007fff433de000 	c:\Users\trami\.vscode\extensions\redhat.java-1.54.0-win32-x64\jre\21.0.10-win32-x86_64\bin\VCRUNTIME140.dll
0x00007fff3d5b0000 - 0x00007fff3d843000 	C:\Windows\WinSxS\amd64_microsoft.windows.common-controls_6595b64144ccf1df_6.0.22621.3672_none_2713b9d173822955\COMCTL32.dll
0x00007fff58d00000 - 0x00007fff58da7000 	C:\Windows\System32\msvcrt.dll
0x00007fff59060000 - 0x00007fff59091000 	C:\Windows\System32\IMM32.DLL
0x00007fff4eee0000 - 0x00007fff4eeec000 	c:\Users\trami\.vscode\extensions\redhat.java-1.54.0-win32-x64\jre\21.0.10-win32-x86_64\bin\vcruntime140_1.dll
0x00007fff22700000 - 0x00007fff2278d000 	c:\Users\trami\.vscode\extensions\redhat.java-1.54.0-win32-x64\jre\21.0.10-win32-x86_64\bin\msvcp140.dll
0x00007ffea1b30000 - 0x00007ffea28d1000 	c:\Users\trami\.vscode\extensions\redhat.java-1.54.0-win32-x64\jre\21.0.10-win32-x86_64\bin\server\jvm.dll
0x00007fff58200000 - 0x00007fff582b2000 	C:\Windows\System32\ADVAPI32.dll
0x00007fff58c50000 - 0x00007fff58cf8000 	C:\Windows\System32\sechost.dll
0x00007fff57a50000 - 0x00007fff57a78000 	C:\Windows\System32\bcrypt.dll
0x00007fff57f20000 - 0x00007fff58034000 	C:\Windows\System32\RPCRT4.dll
0x00007fff58fe0000 - 0x00007fff59051000 	C:\Windows\System32\WS2_32.dll
0x00007fff56f30000 - 0x00007fff56f7d000 	C:\Windows\SYSTEM32\POWRPROF.dll
0x00007fff50d50000 - 0x00007fff50d84000 	C:\Windows\SYSTEM32\WINMM.dll
0x00007fff3ceb0000 - 0x00007fff3ceba000 	C:\Windows\SYSTEM32\VERSION.dll
0x00007fff56e60000 - 0x00007fff56e73000 	C:\Windows\SYSTEM32\UMPDC.dll
0x00007fff56080000 - 0x00007fff56098000 	C:\Windows\SYSTEM32\kernel.appcore.dll
0x00007fff4d900000 - 0x00007fff4d90a000 	c:\Users\trami\.vscode\extensions\redhat.java-1.54.0-win32-x64\jre\21.0.10-win32-x86_64\bin\jimage.dll
0x00007fff54860000 - 0x00007fff54a92000 	C:\Windows\SYSTEM32\DBGHELP.DLL
0x00007fff59650000 - 0x00007fff599de000 	C:\Windows\System32\combase.dll
0x00007fff59a20000 - 0x00007fff59af7000 	C:\Windows\System32\OLEAUT32.dll
0x00007fff361f0000 - 0x00007fff36222000 	C:\Windows\SYSTEM32\dbgcore.DLL
0x00007fff579d0000 - 0x00007fff57a4b000 	C:\Windows\System32\bcryptPrimitives.dll
0x00007fff432a0000 - 0x00007fff432af000 	c:\Users\trami\.vscode\extensions\redhat.java-1.54.0-win32-x64\jre\21.0.10-win32-x86_64\bin\instrument.dll
0x00007fff42a40000 - 0x00007fff42a60000 	c:\Users\trami\.vscode\extensions\redhat.java-1.54.0-win32-x64\jre\21.0.10-win32-x86_64\bin\java.dll
0x00007fff58390000 - 0x00007fff58bf9000 	C:\Windows\System32\SHELL32.dll
0x00007fff54f80000 - 0x00007fff5587f000 	C:\Windows\SYSTEM32\windows.storage.dll
0x00007fff54e40000 - 0x00007fff54f7f000 	C:\Windows\SYSTEM32\wintypes.dll
0x00007fff58dc0000 - 0x00007fff58eb9000 	C:\Windows\System32\SHCORE.dll
0x00007fff59490000 - 0x00007fff594ee000 	C:\Windows\System32\shlwapi.dll
0x00007fff56f90000 - 0x00007fff56fb7000 	C:\Windows\SYSTEM32\profapi.dll
0x00007fff3e100000 - 0x00007fff3e118000 	c:\Users\trami\.vscode\extensions\redhat.java-1.54.0-win32-x64\jre\21.0.10-win32-x86_64\bin\zip.dll
0x00007fff433a0000 - 0x00007fff433b0000 	C:\Users\trami\.vscode\extensions\redhat.java-1.54.0-win32-x64\jre\21.0.10-win32-x86_64\bin\net.dll
0x00007fff52900000 - 0x00007fff52a36000 	C:\Windows\SYSTEM32\WINHTTP.dll
0x00007fff56500000 - 0x00007fff56569000 	C:\Windows\system32\mswsock.dll
0x00007fff3e090000 - 0x00007fff3e0a6000 	C:\Users\trami\.vscode\extensions\redhat.java-1.54.0-win32-x64\jre\21.0.10-win32-x86_64\bin\nio.dll
0x00007fff43390000 - 0x00007fff433a0000 	c:\Users\trami\.vscode\extensions\redhat.java-1.54.0-win32-x64\jre\21.0.10-win32-x86_64\bin\verify.dll
0x00007fff2c1b0000 - 0x00007fff2c1f5000 	C:\Users\trami\AppData\Roaming\Code\User\globalStorage\redhat.java\1.54.0\config_win\org.eclipse.equinox.launcher\org.eclipse.equinox.launcher.win32.win32.x86_64_1.3.0.v20260203-2149\eclipse_11919.dll
0x00007fff592e0000 - 0x00007fff59485000 	C:\Windows\System32\ole32.dll
0x00007fff42930000 - 0x00007fff4293a000 	C:\Users\trami\.vscode\extensions\redhat.java-1.54.0-win32-x64\jre\21.0.10-win32-x86_64\bin\management.dll
0x00007fff428c0000 - 0x00007fff428cc000 	C:\Users\trami\.vscode\extensions\redhat.java-1.54.0-win32-x64\jre\21.0.10-win32-x86_64\bin\management_ext.dll
0x00007fff58f20000 - 0x00007fff58f28000 	C:\Windows\System32\PSAPI.DLL
0x00007fff56770000 - 0x00007fff5678b000 	C:\Windows\SYSTEM32\CRYPTSP.dll
0x00007fff55fe0000 - 0x00007fff56015000 	C:\Windows\system32\rsaenh.dll
0x00007fff56610000 - 0x00007fff56638000 	C:\Windows\SYSTEM32\USERENV.dll
0x00007fff56790000 - 0x00007fff5679c000 	C:\Windows\SYSTEM32\CRYPTBASE.dll
0x00007fff55ad0000 - 0x00007fff55afd000 	C:\Windows\SYSTEM32\IPHLPAPI.DLL
0x00007fff58db0000 - 0x00007fff58db9000 	C:\Windows\System32\NSI.dll
0x00007fff1ea00000 - 0x00007fff1ea49000 	C:\Users\trami\AppData\Local\Temp\jna-110621311\jna2281725993608016688.dll
0x00007fff4f450000 - 0x00007fff4f469000 	C:\Windows\SYSTEM32\dhcpcsvc6.DLL
0x00007fff4f430000 - 0x00007fff4f44f000 	C:\Windows\SYSTEM32\dhcpcsvc.DLL
0x00007fff3e070000 - 0x00007fff3e07e000 	C:\Users\trami\.vscode\extensions\redhat.java-1.54.0-win32-x64\jre\21.0.10-win32-x86_64\bin\sunmscapi.dll
0x00007fff57860000 - 0x00007fff579c6000 	C:\Windows\System32\CRYPT32.dll
0x00007fff56930000 - 0x00007fff5695d000 	C:\Windows\SYSTEM32\ncrypt.dll
0x00007fff568f0000 - 0x00007fff56927000 	C:\Windows\SYSTEM32\NTASN1.dll
0x00007fff55b40000 - 0x00007fff55c42000 	C:\Windows\SYSTEM32\DNSAPI.dll
0x00007fff4ec90000 - 0x00007fff4ec9a000 	C:\Windows\System32\rasadhlp.dll
0x00007fff4e370000 - 0x00007fff4e3f3000 	C:\Windows\System32\fwpuclnt.dll
0x00007fff3ddf0000 - 0x00007fff3ddf9000 	C:\Users\trami\.vscode\extensions\redhat.java-1.54.0-win32-x64\jre\21.0.10-win32-x86_64\bin\extnet.dll

JVMTI agents:
c:\Users\trami\.vscode\extensions\redhat.java-1.54.0-win32-x64\lombok\lombok-1.18.39-4050.jar path:c:\Users\trami\.vscode\extensions\redhat.java-1.54.0-win32-x64\jre\21.0.10-win32-x86_64\bin\instrument.dll, loaded, initialized, instrumentlib options:none

dbghelp: loaded successfully - version: 4.0.5 - missing functions: none
symbol engine: initialized successfully - sym options: 0x614 - pdb path: .;c:\Users\trami\.vscode\extensions\redhat.java-1.54.0-win32-x64\jre\21.0.10-win32-x86_64\bin;C:\Windows\SYSTEM32;C:\Windows\WinSxS\amd64_microsoft.windows.common-controls_6595b64144ccf1df_6.0.22621.3672_none_2713b9d173822955;c:\Users\trami\.vscode\extensions\redhat.java-1.54.0-win32-x64\jre\21.0.10-win32-x86_64\bin\server;C:\Users\trami\AppData\Roaming\Code\User\globalStorage\redhat.java\1.54.0\config_win\org.eclipse.equinox.launcher\org.eclipse.equinox.launcher.win32.win32.x86_64_1.3.0.v20260203-2149;C:\Users\trami\AppData\Local\Temp\jna-110621311

VM Arguments:
jvm_args: --add-modules=ALL-SYSTEM --add-opens=java.base/java.util=ALL-UNNAMED --add-opens=java.base/java.lang=ALL-UNNAMED --add-opens=java.base/sun.nio.fs=ALL-UNNAMED -Declipse.application=org.eclipse.jdt.ls.core.id1 -Dosgi.bundles.defaultStartLevel=4 -Declipse.product=org.eclipse.jdt.ls.core.product -Djava.import.generatesMetadataFilesAtProjectRoot=false -DDetectVMInstallationsJob.disabled=true -Dfile.encoding=utf8 -XX:+UseParallelGC -XX:GCTimeRatio=4 -XX:AdaptiveSizePolicyWeight=90 -Dsun.zip.disableMemoryMapping=true -Xmx2G -Xms100m -Xlog:disable -javaagent:c:\Users\trami\.vscode\extensions\redhat.java-1.54.0-win32-x64\lombok\lombok-1.18.39-4050.jar -XX:+HeapDumpOnOutOfMemoryError -XX:HeapDumpPath=c:\Users\trami\AppData\Roaming\Code\User\workspaceStorage\2e68730546859c942977e1087b69b63d\redhat.java -Daether.dependencyCollector.impl=bf 
java_command: c:\Users\trami\.vscode\extensions\redhat.java-1.54.0-win32-x64\server\plugins\org.eclipse.equinox.launcher_1.7.100.v20251111-0406.jar -configuration c:\Users\trami\AppData\Roaming\Code\User\globalStorage\redhat.java\1.54.0\config_win -data c:\Users\trami\AppData\Roaming\Code\User\workspaceStorage\2e68730546859c942977e1087b69b63d\redhat.java\jdt_ws --pipe=\\.\pipe\lsp-9315c01748fbe25c29291e4ff8ffbbad-sock
java_class_path (initial): c:\Users\trami\.vscode\extensions\redhat.java-1.54.0-win32-x64\server\plugins\org.eclipse.equinox.launcher_1.7.100.v20251111-0406.jar
Launcher Type: SUN_STANDARD

[Global flags]
    uintx AdaptiveSizePolicyWeight                 = 90                                        {product} {command line}
     intx CICompilerCount                          = 4                                         {product} {ergonomic}
    uintx GCTimeRatio                              = 4                                         {product} {command line}
     bool HeapDumpOnOutOfMemoryError               = true                                   {manageable} {command line}
    ccstr HeapDumpPath                             = c:\Users\trami\AppData\Roaming\Code\User\workspaceStorage\2e68730546859c942977e1087b69b63d\redhat.java         {manageable} {command line}
   size_t InitialHeapSize                          = 104857600                                 {product} {command line}
   size_t MaxHeapSize                              = 2147483648                                {product} {command line}
   size_t MaxNewSize                               = 715653120                                 {product} {ergonomic}
   size_t MinHeapDeltaBytes                        = 524288                                    {product} {ergonomic}
   size_t MinHeapSize                              = 104857600                                 {product} {command line}
   size_t NewSize                                  = 34603008                                  {product} {ergonomic}
    uintx NonNMethodCodeHeapSize                   = 5839372                                {pd product} {ergonomic}
    uintx NonProfiledCodeHeapSize                  = 122909434                              {pd product} {ergonomic}
   size_t OldSize                                  = 70254592                                  {product} {ergonomic}
    uintx ProfiledCodeHeapSize                     = 122909434                              {pd product} {ergonomic}
    uintx ReservedCodeCacheSize                    = 251658240                              {pd product} {ergonomic}
     bool SegmentedCodeCache                       = true                                      {product} {ergonomic}
   size_t SoftMaxHeapSize                          = 2147483648                             {manageable} {ergonomic}
     bool UseCompressedOops                        = true                           {product lp64_product} {ergonomic}
     bool UseLargePagesIndividualAllocation        = false                                  {pd product} {ergonomic}
     bool UseParallelGC                            = true                                      {product} {command line}

Logging:
Log output configuration:
 #0: stdout all=off uptime,level,tags foldmultilines=false
 #1: stderr all=off uptime,level,tags foldmultilines=false

Release file:
JAVA_VERSION="21.0.10" 
MODULES="java.base java.compiler java.datatransfer java.xml java.prefs java.desktop java.instrument java.logging java.management java.security.sasl java.naming java.rmi java.management.rmi java.net.http java.scripting java.security.jgss java.transaction.xa java.sql java.sql.rowset java.xml.crypto java.se java.smartcardio jdk.accessibility jdk.internal.jvmstat jdk.attach jdk.charsets jdk.internal.opt jdk.zipfs jdk.compiler jdk.crypto.ec jdk.crypto.cryptoki jdk.crypto.mscapi jdk.dynalink jdk.internal.ed jdk.editpad jdk.hotspot.agent jdk.httpserver jdk.internal.le jdk.internal.vm.ci jdk.internal.vm.compiler jdk.internal.vm.compiler.management jdk.jartool jdk.javadoc jdk.jcmd jdk.management jdk.management.agent jdk.jconsole jdk.jdeps jdk.jdwp.agent jdk.jdi jdk.jfr jdk.jshell jdk.jsobject jdk.jstatd jdk.localedata jdk.management.jfr jdk.naming.dns jdk.naming.rmi jdk.net jdk.nio.mapmode jdk.random jdk.sctp jdk.security.auth jdk.security.jgss jdk.unsupported jdk.unsupported.desktop jdk.xml.dom" 

Environment Variables:
JAVA_HOME=C:\Program Files\Java\jdk-21
PATH=C:\Users\trami\AppData\Local\Programs\Microsoft VS Code;C:\Program Files\Eclipse Adoptium\jdk-17.0.18.8-hotspot\bin;C:\Program Files\Common Files\Oracle\Java\javapath;C:\Program Files (x86)\Common Files\Oracle\Java\java8path;C:\Program Files (x86)\Common Files\Oracle\Java\javapath;C:\Windows\system32;C:\Windows;C:\Windows\System32\Wbem;C:\Windows\System32\WindowsPowerShell\v1.0\;C:\Windows\System32\OpenSSH\;C:\Program Files\apache-maven-3.9.15\bin;C:\Program Files\Git\cmd;C:\Program Files\nodejs\;C:\Users\trami\AppData\Local\Microsoft\WindowsApps;C:\Program Files\JetBrains\IntelliJ IDEA 2024.1.4\bin;;C:\Users\trami\AppData\Local\Programs\Microsoft VS Code\bin;C:\Users\trami\AppData\Local\Programs\Windsurf\bin;C:\Users\trami\AppData\Local\GitHubDesktop\bin;C:\Users\trami\AppData\Roaming\npm;C:\Program Files\nodejs;
USERNAME=trami
OS=Windows_NT
PROCESSOR_IDENTIFIER=Intel64 Family 6 Model 190 Stepping 0, GenuineIntel
TMP=C:\Users\trami\AppData\Local\Temp
TEMP=C:\Users\trami\AppData\Local\Temp




Periodic native trim disabled

---------------  S Y S T E M  ---------------

OS:
 Windows 11 , 64 bit Build 22621 (10.0.22621.3958)
OS uptime: 20 days 5:40 hours
Hyper-V role detected

CPU: total 8 (initial active 8) (8 cores per cpu, 1 threads per core) family 6 model 190 stepping 0 microcode 0xe, cx8, cmov, fxsr, mmx, 3dnowpref, sse, sse2, sse3, ssse3, sse4.1, sse4.2, popcnt, lzcnt, tsc, tscinvbit, avx, avx2, aes, erms, clmul, bmi1, bmi2, adx, sha, fma, vzeroupper, clflush, clflushopt, clwb, hv, serialize, rdtscp, rdpid, fsrm, f16c, cet_ibt, cet_ss
Processor Information for the first 8 processors :
  Max Mhz: 1800, Current Mhz: 1800, Mhz Limit: 1800

Memory: 4k page, system-wide physical 7865M (389M free)
TotalPageFile size 32441M (AvailPageFile size 36M)
current process WorkingSet (physical memory assigned to process): 8M, peak: 566M
current process commit charge ("private bytes"): 1336M, peak: 1346M

vm_info: OpenJDK 64-Bit Server VM (21.0.10+7-LTS) for windows-amd64 JRE (21.0.10+7-LTS), built on 2026-01-20T00:00:00Z by "admin" with MS VC++ 17.12 (VS2022)

END.
